<?xml version="1.0" encoding="UTF-8" ?>
<testsuite failures="0" time="1.891" errors="1" skipped="0" tests="1" name="com.arj.ziguiw.datasynch.RsRpcManagerTest">
  <properties>
[...]
</properties>
  <testcase time="1.813" classname="com.arj.ziguiw.datasynch.RsRpcManagerTest" name="saveParent">
    <error message="Invalid bean definition with name &apos;dataSource&apos; defined in file [D:\workSpaces\ziguiw-7.0\ziguiw-datasynch\target\classes\com\arj\ziguiw\datasynch\scheduler.xml]: Could not resolve placeholder &apos;db.driverUrl&apos;" type="org.springframework.beans.factory.BeanDefinitionStoreException">org.springframework.beans.factory.BeanDefinitionStoreException: Invalid bean definition with name &apos;dataSource&apos; defined in file [D:\workSpaces\ziguiw-7.0\ziguiw-datasynch\target\classes\com\arj\ziguiw\datasynch\scheduler.xml]: Could not resolve placeholder &apos;db.driverUrl&apos;
	at org.springframework.beans.factory.config.PropertyPlaceholderConfigurer.processProperties(PropertyPlaceholderConfigurer.java:287)
	at org.springframework.beans.factory.config.PropertyResourceConfigurer.postProcessBeanFactory(PropertyResourceConfigurer.java:75)
	at org.springframework.context.support.AbstractApplicationContext.invokeBeanFactoryPostProcessors(AbstractApplicationContext.java:663)
	at org.springframework.context.support.AbstractApplicationContext.invokeBeanFactoryPostProcessors(AbstractApplicationContext.java:638)
	at org.springframework.context.support.AbstractApplicationContext.refresh(AbstractApplicationContext.java:407)
	at org.springframework.context.support.ClassPathXmlApplicationContext.&lt;init&gt;(ClassPathXmlApplicationContext.java:139)
	at org.springframework.context.support.ClassPathXmlApplicationContext.&lt;init&gt;(ClassPathXmlApplicationContext.java:93)
	at com.arj.ziguiw.datasynch.RsRpcManagerTest.init(RsRpcManagerTest.java:25)
	at sun.reflect.NativeMethodAccessorImpl.invoke0(Native Method)
	at sun.reflect.NativeMethodAccessorImpl.invoke(NativeMethodAccessorImpl.java:39)
	at sun.reflect.DelegatingMethodAccessorImpl.invoke(DelegatingMethodAccessorImpl.java:25)
	at java.lang.reflect.Method.invoke(Method.java:597)
	at org.junit.internal.runners.MethodRoadie.runBefores(MethodRoadie.java:122)
	at org.junit.internal.runners.MethodRoadie.runBeforesThenTestThenAfters(MethodRoadie.java:86)
	at org.junit.internal.runners.MethodRoadie.runTest(MethodRoadie.java:77)
	at org.junit.internal.runners.MethodRoadie.run(MethodRoadie.java:42)
	at org.junit.internal.runners.JUnit4ClassRunner.invokeTestMethod(JUnit4ClassRunner.java:88)
	at org.junit.internal.runners.JUnit4ClassRunner.runMethods(JUnit4ClassRunner.java:51)
	at org.junit.internal.runners.JUnit4ClassRunner$1.run(JUnit4ClassRunner.java:44)
	at org.junit.internal.runners.ClassRoadie.runUnprotected(ClassRoadie.java:27)
	at org.junit.internal.runners.ClassRoadie.runProtected(ClassRoadie.java:37)
	at org.junit.internal.runners.JUnit4ClassRunner.run(JUnit4ClassRunner.java:42)
	at org.apache.maven.surefire.junit4.JUnit4TestSet.execute(JUnit4TestSet.java:53)
	at org.apache.maven.surefire.junit4.JUnit4Provider.executeTestSet(JUnit4Provider.java:123)
	at org.apache.maven.surefire.junit4.JUnit4Provider.invoke(JUnit4Provider.java:104)
	at sun.reflect.NativeMethodAccessorImpl.invoke0(Native Method)
	at sun.reflect.NativeMethodAccessorImpl.invoke(NativeMethodAccessorImpl.java:39)
	at sun.reflect.DelegatingMethodAccessorImpl.invoke(DelegatingMethodAccessorImpl.java:25)
	at java.lang.reflect.Method.invoke(Method.java:597)
	at org.apache.maven.surefire.util.ReflectionUtils.invokeMethodWithArray(ReflectionUtils.java:164)
	at org.apache.maven.surefire.booter.ProviderFactory$ProviderProxy.invoke(ProviderFactory.java:110)
	at org.apache.maven.surefire.booter.SurefireStarter.invokeProvider(SurefireStarter.java:175)
	at org.apache.maven.surefire.booter.SurefireStarter.runSuitesInProcessWhenForked(SurefireStarter.java:107)
	at org.apache.maven.surefire.booter.ForkedBooter.main(ForkedBooter.java:68)
</error>
    <system-out>2013-01-26 11:05 36,500: INFO (org.springframework.context.support.AbstractApplicationContext:456) - Refreshing org.springframework.context.support.ClassPathXmlApplicationContext@12152e6: startup date [Sat Jan 26 11:05:36 CST 2013]; root of context hierarchy
2013-01-26 11:05 36,765: INFO (org.springframework.beans.factory.xml.XmlBeanDefinitionReader:315) - Loading XML bean definitions from file [D:\workSpaces\ziguiw-7.0\ziguiw-datasynch\target\classes\com\arj\ziguiw\datasynch\scheduler.xml]
2013-01-26 11:05 37,984: INFO (org.springframework.beans.factory.support.DefaultSingletonBeanRegistry:422) - Destroying singletons in org.springframework.beans.factory.support.DefaultListableBeanFactory@79a2e7: defining beans [placeholderConfig,dataSource,transactionManager,org.springframework.context.annotation.internalConfigurationAnnotationProcessor,org.springframework.context.annotation.internalAutowiredAnnotationProcessor,org.springframework.context.annotation.internalRequiredAnnotationProcessor,org.springframework.context.annotation.internalCommonAnnotationProcessor,rsRpcManager,jdbcTemplateService,org.springframework.aop.config.internalAutoProxyCreator,org.springframework.transaction.annotation.AnnotationTransactionAttributeSource#0,org.springframework.transaction.interceptor.TransactionInterceptor#0,org.springframework.transaction.config.internalTransactionAdvisor,txAdvice,org.springframework.aop.support.DefaultBeanFactoryPointcutAdvisor#0,schoolScheduler,studentScheduler,parentScheduler,teacherScheduler,classScheduler,teacherClassScheduler,schoolJob,studentJob,parentJob,teacherJob,classJob,teacherClassJob,schoolCronTrigger,studentCronTrigger,parentCronTrigger,teacherCronTrigger,classCronTrigger,teacherClassCronTrigger,org.springframework.scheduling.quartz.SchedulerFactoryBean#0,taskExecutor,jdbcTemplate]; root of factory hierarchy
</system-out>
  </testcase>
</testsuite>